Using pre-set license
Built from '2020.3/staging' branch; Version is '2020.3.19f1 (68f137dc9bbe) revision 6877495'; Using compiler version '192528614'; Build Type 'Release'
OS: 'Windows 10 Pro; OS build 19044.1466; Version 2009; 64bit' Language: 'en' Physical Memory: 24516 MB
BatchMode: 1, IsHumanControllingUs: 0, StartBugReporterOnCrash: 0, Is64bit: 1, IsPro: 0

COMMAND LINE ARGUMENTS:
C:\Program Files\Unity\Hub\Editor\2020.3.19f1\Editor\Unity.exe
-adb2
-batchMode
-noUpm
-name
AssetImportWorker0
-projectPath
D:/Projects/AIE-Survival-Game-Assessment-06/Unity Files/Survival_Game_Assessment_06_Final
-logFile
Logs/AssetImportWorker0.log
-srvPort
50389
Successfully changed project path to: D:/Projects/AIE-Survival-Game-Assessment-06/Unity Files/Survival_Game_Assessment_06_Final
D:/Projects/AIE-Survival-Game-Assessment-06/Unity Files/Survival_Game_Assessment_06_Final
Using Asset Import Pipeline V2.
Refreshing native plugins compatible for Editor in 76.89 ms, found 2 plugins.
Preloading 0 native plugins for Editor in 0.00 ms.
Initialize engine version: 2020.3.19f1 (68f137dc9bbe)
[Subsystems] Discovering subsystems at path C:/Program Files/Unity/Hub/Editor/2020.3.19f1/Editor/Data/Resources/UnitySubsystems
[Subsystems] Discovering subsystems at path D:/Projects/AIE-Survival-Game-Assessment-06/Unity Files/Survival_Game_Assessment_06_Final/Assets
GfxDevice: creating device client; threaded=0
Direct3D:
    Version:  Direct3D 11.0 [level 11.1]
    Renderer: NVIDIA GeForce GTX 1060 6GB (ID=0x1c03)
    Vendor:   
    VRAM:     6052 MB
    Driver:   30.0.15.1123
Initialize mono
Mono path[0] = 'C:/Program Files/Unity/Hub/Editor/2020.3.19f1/Editor/Data/Managed'
Mono path[1] = 'C:/Program Files/Unity/Hub/Editor/2020.3.19f1/Editor/Data/MonoBleedingEdge/lib/mono/unityjit'
Mono config path = 'C:/Program Files/Unity/Hub/Editor/2020.3.19f1/Editor/Data/MonoBleedingEdge/etc'
Using monoOptions --debugger-agent=transport=dt_socket,embedding=1,server=y,suspend=n,address=127.0.0.1:56804
Begin MonoManager ReloadAssembly
Registering precompiled unity dll's ...
Register platform support module: C:/Program Files/Unity/Hub/Editor/2020.3.19f1/Editor/Data/PlaybackEngines/WebGLSupport/UnityEditor.WebGL.Extensions.dll
Register platform support module: C:/Program Files/Unity/Hub/Editor/2020.3.19f1/Editor/Data/PlaybackEngines/WindowsStandaloneSupport/UnityEditor.WindowsStandalone.Extensions.dll
Registered in 0.002962 seconds.
Native extension for WindowsStandalone target not found
Native extension for WebGL target not found
Refreshing native plugins compatible for Editor in 51.00 ms, found 2 plugins.
Preloading 0 native plugins for Editor in 0.00 ms.
Mono: successfully reloaded assembly
- Completed reload, in  1.491 seconds
Domain Reload Profiling:
	ReloadAssembly (1491ms)
		BeginReloadAssembly (60ms)
			ExecutionOrderSort (0ms)
			DisableScriptedObjects (0ms)
			BackupInstance (0ms)
			ReleaseScriptingObjects (0ms)
			CreateAndSetChildDomain (1ms)
		EndReloadAssembly (463ms)
			LoadAssemblies (58ms)
			RebuildTransferFunctionScriptingTraits (0ms)
			SetupTypeCache (178ms)
			ReleaseScriptCaches (0ms)
			RebuildScriptCaches (29ms)
			SetupLoadedEditorAssemblies (186ms)
				LogAssemblyErrors (0ms)
				InitializePlatformSupportModulesInManaged (4ms)
				SetLoadedEditorAssemblies (0ms)
				RefreshPlugins (51ms)
				BeforeProcessingInitializeOnLoad (14ms)
				ProcessInitializeOnLoadAttributes (87ms)
				ProcessInitializeOnLoadMethodAttributes (29ms)
				AfterProcessingInitializeOnLoad (0ms)
				EditorAssembliesLoaded (0ms)
			ExecutionOrderSort2 (0ms)
			AwakeInstancesAfterBackupRestoration (0ms)
Platform modules already initialized, skipping
Registering precompiled user dll's ...
Registered in 0.002560 seconds.
Begin MonoManager ReloadAssembly
Native extension for WindowsStandalone target not found
Native extension for WebGL target not found
Refreshing native plugins compatible for Editor in 52.51 ms, found 2 plugins.
Preloading 0 native plugins for Editor in 0.00 ms.
Mono: successfully reloaded assembly
- Completed reload, in  1.236 seconds
Domain Reload Profiling:
	ReloadAssembly (1237ms)
		BeginReloadAssembly (139ms)
			ExecutionOrderSort (0ms)
			DisableScriptedObjects (4ms)
			BackupInstance (0ms)
			ReleaseScriptingObjects (0ms)
			CreateAndSetChildDomain (17ms)
		EndReloadAssembly (1037ms)
			LoadAssemblies (102ms)
			RebuildTransferFunctionScriptingTraits (0ms)
			SetupTypeCache (330ms)
			ReleaseScriptCaches (1ms)
			RebuildScriptCaches (58ms)
			SetupLoadedEditorAssemblies (399ms)
				LogAssemblyErrors (0ms)
				InitializePlatformSupportModulesInManaged (7ms)
				SetLoadedEditorAssemblies (0ms)
				RefreshPlugins (53ms)
				BeforeProcessingInitializeOnLoad (96ms)
				ProcessInitializeOnLoadAttributes (231ms)
				ProcessInitializeOnLoadMethodAttributes (4ms)
				AfterProcessingInitializeOnLoad (8ms)
				EditorAssembliesLoaded (0ms)
			ExecutionOrderSort2 (0ms)
			AwakeInstancesAfterBackupRestoration (8ms)
Platform modules already initialized, skipping
========================================================================
Worker process is ready to serve import requests
Launched and connected shader compiler UnityShaderCompiler.exe after 0.07 seconds
Refreshing native plugins compatible for Editor in 0.48 ms, found 2 plugins.
Preloading 0 native plugins for Editor in 0.00 ms.
Unloading 2894 Unused Serialized files (Serialized files now loaded: 0)
System memory in use before: 122.3 MB.
System memory in use after: 122.5 MB.

Unloading 18 unused Assets to reduce memory usage. Loaded Objects now: 3331.
Total: 2.919300 ms (FindLiveObjects: 0.245700 ms CreateObjectMapping: 0.127500 ms MarkObjects: 2.466400 ms  DeleteObjects: 0.078600 ms)

AssetImportParameters requested are different than current active one (requested -> active):
  custom:framework-win-MediaFoundation: 216162199b28c13a410421893ffa2e32 -> 
  custom:video-decoder-ogg-theora: a1e56fd34408186e4bbccfd4996cb3dc -> 
  custom:container-muxer-webm: aa71ff27fc2769a1b78a27578f13a17b -> 
  custom:container-demuxer-webm: 4f35f7cbe854078d1ac9338744f61a02 -> 
  custom:container-demuxer-ogg: 62fdf1f143b41e24485cea50d1cbac27 -> 
  custom:video-encoder-webm-vp8: eb34c28f22e8b96e1ab97ce403110664 -> 
  custom:video-decoder-webm-vp8: 9c59270c3fd7afecdb556c50c9e8de78 -> 
  custom:audio-decoder-ogg-vorbis: bf7c407c2cedff20999df2af8eb42d56 -> 
  custom:audio-encoder-webm-vorbis: bf7c407c2cedff20999df2af8eb42d56 -> 
========================================================================
Received Import Request.
  path: Assets/Scripts/Interactable Objects/Equipment.cs
  artifactKey: Guid(9ab0d9e0fed9bee4c8d34fabbc4c29ea) Importer(815301076,1909f56bfc062723c751e8b465ee728b)
Start importing Assets/Scripts/Interactable Objects/Equipment.cs using Guid(9ab0d9e0fed9bee4c8d34fabbc4c29ea) Importer(815301076,1909f56bfc062723c751e8b465ee728b)  -> (artifact id: '0762985db5d92fb4c1b5a73e0975b0b8') in 0.048670 seconds 
  Import took 0.052945 seconds .

========================================================================
Received Import Request.
  Time since last request: 47.415906 seconds.
  path: Assets/Scripts/Interactable Objects/Equipment.cs
  artifactKey: Guid(9ab0d9e0fed9bee4c8d34fabbc4c29ea) Importer(815301076,1909f56bfc062723c751e8b465ee728b)
Start importing Assets/Scripts/Interactable Objects/Equipment.cs using Guid(9ab0d9e0fed9bee4c8d34fabbc4c29ea) Importer(815301076,1909f56bfc062723c751e8b465ee728b)  -> (artifact id: '322fab0a3c6d5a22466a36c2b4acf8a4') in 0.004373 seconds 
  Import took 0.033685 seconds .

========================================================================
Received Import Request.
  Time since last request: 115.216511 seconds.
  path: Assets/Scripts/Interactable Objects/Equipment.cs
  artifactKey: Guid(9ab0d9e0fed9bee4c8d34fabbc4c29ea) Importer(815301076,1909f56bfc062723c751e8b465ee728b)
Start importing Assets/Scripts/Interactable Objects/Equipment.cs using Guid(9ab0d9e0fed9bee4c8d34fabbc4c29ea) Importer(815301076,1909f56bfc062723c751e8b465ee728b)  -> (artifact id: 'c77873900956fd16b4624491b8ca702b') in 0.004716 seconds 
  Import took 0.012115 seconds .

========================================================================
Received Import Request.
  Time since last request: 93.972858 seconds.
  path: Assets/Scripts/Interactable Objects/Equipment.cs
  artifactKey: Guid(9ab0d9e0fed9bee4c8d34fabbc4c29ea) Importer(815301076,1909f56bfc062723c751e8b465ee728b)
Start importing Assets/Scripts/Interactable Objects/Equipment.cs using Guid(9ab0d9e0fed9bee4c8d34fabbc4c29ea) Importer(815301076,1909f56bfc062723c751e8b465ee728b)  -> (artifact id: '1df4ed974aec401c0afdba68b21931e7') in 0.005580 seconds 
  Import took 0.012472 seconds .

========================================================================
Received Import Request.
  Time since last request: 58.255391 seconds.
  path: Assets/Scripts/Interactable Objects/Equipment.cs
  artifactKey: Guid(9ab0d9e0fed9bee4c8d34fabbc4c29ea) Importer(815301076,1909f56bfc062723c751e8b465ee728b)
Start importing Assets/Scripts/Interactable Objects/Equipment.cs using Guid(9ab0d9e0fed9bee4c8d34fabbc4c29ea) Importer(815301076,1909f56bfc062723c751e8b465ee728b)  -> (artifact id: '27738dc23983254745b842165c89598d') in 0.002238 seconds 
  Import took 0.008500 seconds .

========================================================================
Received Import Request.
  Time since last request: 31.759722 seconds.
  path: Assets/Scripts/Interactable Objects/Equipment.cs
  artifactKey: Guid(9ab0d9e0fed9bee4c8d34fabbc4c29ea) Importer(815301076,1909f56bfc062723c751e8b465ee728b)
Start importing Assets/Scripts/Interactable Objects/Equipment.cs using Guid(9ab0d9e0fed9bee4c8d34fabbc4c29ea) Importer(815301076,1909f56bfc062723c751e8b465ee728b)  -> (artifact id: '55f657ae401297830d3c6aa5e8e349b4') in 0.003486 seconds 
  Import took 0.008337 seconds .

========================================================================
Received Import Request.
  Time since last request: 5.510619 seconds.
  path: Assets/Scripts/Interactable Objects/Equipment.cs
  artifactKey: Guid(9ab0d9e0fed9bee4c8d34fabbc4c29ea) Importer(815301076,1909f56bfc062723c751e8b465ee728b)
Start importing Assets/Scripts/Interactable Objects/Equipment.cs using Guid(9ab0d9e0fed9bee4c8d34fabbc4c29ea) Importer(815301076,1909f56bfc062723c751e8b465ee728b)  -> (artifact id: 'ff35ed9e50e779fc82fdb2a89c342f70') in 0.002277 seconds 
  Import took 0.008497 seconds .

========================================================================
Received Prepare
Registering precompiled user dll's ...
Registered in 0.002641 seconds.
Begin MonoManager ReloadAssembly
Native extension for WindowsStandalone target not found
Native extension for WebGL target not found
Refreshing native plugins compatible for Editor in 0.55 ms, found 2 plugins.
Preloading 0 native plugins for Editor in 0.00 ms.
Mono: successfully reloaded assembly
- Completed reload, in  1.043 seconds
Domain Reload Profiling:
	ReloadAssembly (1043ms)
		BeginReloadAssembly (130ms)
			ExecutionOrderSort (0ms)
			DisableScriptedObjects (5ms)
			BackupInstance (0ms)
			ReleaseScriptingObjects (0ms)
			CreateAndSetChildDomain (35ms)
		EndReloadAssembly (853ms)
			LoadAssemblies (85ms)
			RebuildTransferFunctionScriptingTraits (0ms)
			SetupTypeCache (286ms)
			ReleaseScriptCaches (1ms)
			RebuildScriptCaches (42ms)
			SetupLoadedEditorAssemblies (344ms)
				LogAssemblyErrors (0ms)
				InitializePlatformSupportModulesInManaged (5ms)
				SetLoadedEditorAssemblies (0ms)
				RefreshPlugins (1ms)
				BeforeProcessingInitializeOnLoad (86ms)
				ProcessInitializeOnLoadAttributes (242ms)
				ProcessInitializeOnLoadMethodAttributes (3ms)
				AfterProcessingInitializeOnLoad (7ms)
				EditorAssembliesLoaded (0ms)
			ExecutionOrderSort2 (0ms)
			AwakeInstancesAfterBackupRestoration (6ms)
Platform modules already initialized, skipping
Refreshing native plugins compatible for Editor in 0.50 ms, found 2 plugins.
Preloading 0 native plugins for Editor in 0.00 ms.
Unloading 2817 Unused Serialized files (Serialized files now loaded: 0)
System memory in use before: 115.2 MB.
System memory in use after: 115.4 MB.

Unloading 13 unused Assets to reduce memory usage. Loaded Objects now: 3333.
Total: 3.444600 ms (FindLiveObjects: 0.233100 ms CreateObjectMapping: 0.117300 ms MarkObjects: 3.055400 ms  DeleteObjects: 0.037900 ms)

AssetImportParameters requested are different than current active one (requested -> active):
  custom:framework-win-MediaFoundation: 216162199b28c13a410421893ffa2e32 -> 
  custom:video-decoder-ogg-theora: a1e56fd34408186e4bbccfd4996cb3dc -> 
  custom:container-muxer-webm: aa71ff27fc2769a1b78a27578f13a17b -> 
  custom:container-demuxer-webm: 4f35f7cbe854078d1ac9338744f61a02 -> 
  custom:container-demuxer-ogg: 62fdf1f143b41e24485cea50d1cbac27 -> 
  custom:video-encoder-webm-vp8: eb34c28f22e8b96e1ab97ce403110664 -> 
  custom:video-decoder-webm-vp8: 9c59270c3fd7afecdb556c50c9e8de78 -> 
  custom:audio-decoder-ogg-vorbis: bf7c407c2cedff20999df2af8eb42d56 -> 
  custom:audio-encoder-webm-vorbis: bf7c407c2cedff20999df2af8eb42d56 -> 
========================================================================
Received Import Request.
  Time since last request: 30.420434 seconds.
  path: Assets/Scripts/Inventory/EquipmentManager.cs
  artifactKey: Guid(7d3d36157699c1a4b8ee8feddf004b72) Importer(815301076,1909f56bfc062723c751e8b465ee728b)
Start importing Assets/Scripts/Inventory/EquipmentManager.cs using Guid(7d3d36157699c1a4b8ee8feddf004b72) Importer(815301076,1909f56bfc062723c751e8b465ee728b)  -> (artifact id: '38e74e19789e4593d541eac2f7530336') in 0.011689 seconds 
  Import took 0.019679 seconds .

========================================================================
Received Prepare
Registering precompiled user dll's ...
Registered in 0.003370 seconds.
Begin MonoManager ReloadAssembly
Native extension for WindowsStandalone target not found
Native extension for WebGL target not found
Refreshing native plugins compatible for Editor in 0.48 ms, found 2 plugins.
Preloading 0 native plugins for Editor in 0.00 ms.
Mono: successfully reloaded assembly
- Completed reload, in  1.242 seconds
Domain Reload Profiling:
	ReloadAssembly (1242ms)
		BeginReloadAssembly (214ms)
			ExecutionOrderSort (0ms)
			DisableScriptedObjects (5ms)
			BackupInstance (0ms)
			ReleaseScriptingObjects (0ms)
			CreateAndSetChildDomain (34ms)
		EndReloadAssembly (964ms)
			LoadAssemblies (178ms)
			RebuildTransferFunctionScriptingTraits (0ms)
			SetupTypeCache (327ms)
			ReleaseScriptCaches (1ms)
			RebuildScriptCaches (52ms)
			SetupLoadedEditorAssemblies (371ms)
				LogAssemblyErrors (0ms)
				InitializePlatformSupportModulesInManaged (5ms)
				SetLoadedEditorAssemblies (0ms)
				RefreshPlugins (1ms)
				BeforeProcessingInitializeOnLoad (102ms)
				ProcessInitializeOnLoadAttributes (250ms)
				ProcessInitializeOnLoadMethodAttributes (3ms)
				AfterProcessingInitializeOnLoad (8ms)
				EditorAssembliesLoaded (0ms)
			ExecutionOrderSort2 (0ms)
			AwakeInstancesAfterBackupRestoration (6ms)
Platform modules already initialized, skipping
Refreshing native plugins compatible for Editor in 0.52 ms, found 2 plugins.
Preloading 0 native plugins for Editor in 0.00 ms.
Unloading 2818 Unused Serialized files (Serialized files now loaded: 0)
System memory in use before: 115.2 MB.
System memory in use after: 115.4 MB.

Unloading 13 unused Assets to reduce memory usage. Loaded Objects now: 3336.
Total: 4.060600 ms (FindLiveObjects: 0.235100 ms CreateObjectMapping: 0.114100 ms MarkObjects: 3.691600 ms  DeleteObjects: 0.018700 ms)

AssetImportParameters requested are different than current active one (requested -> active):
  custom:framework-win-MediaFoundation: 216162199b28c13a410421893ffa2e32 -> 
  custom:video-decoder-ogg-theora: a1e56fd34408186e4bbccfd4996cb3dc -> 
  custom:container-muxer-webm: aa71ff27fc2769a1b78a27578f13a17b -> 
  custom:container-demuxer-webm: 4f35f7cbe854078d1ac9338744f61a02 -> 
  custom:container-demuxer-ogg: 62fdf1f143b41e24485cea50d1cbac27 -> 
  custom:video-encoder-webm-vp8: eb34c28f22e8b96e1ab97ce403110664 -> 
  custom:video-decoder-webm-vp8: 9c59270c3fd7afecdb556c50c9e8de78 -> 
  custom:audio-decoder-ogg-vorbis: bf7c407c2cedff20999df2af8eb42d56 -> 
  custom:audio-encoder-webm-vorbis: bf7c407c2cedff20999df2af8eb42d56 -> 
========================================================================
Received Import Request.
  Time since last request: 98.318434 seconds.
  path: Assets/Scripts/Inventory/EquipmentManager.cs
  artifactKey: Guid(7d3d36157699c1a4b8ee8feddf004b72) Importer(815301076,1909f56bfc062723c751e8b465ee728b)
Start importing Assets/Scripts/Inventory/EquipmentManager.cs using Guid(7d3d36157699c1a4b8ee8feddf004b72) Importer(815301076,1909f56bfc062723c751e8b465ee728b)  -> (artifact id: '0c7c20ec758adb10a880dd81677ae6b1') in 0.006025 seconds 
  Import took 0.010581 seconds .

========================================================================
Received Import Request.
  Time since last request: 37.040053 seconds.
  path: Assets/Scripts/Inventory/EquipmentManager.cs
  artifactKey: Guid(7d3d36157699c1a4b8ee8feddf004b72) Importer(815301076,1909f56bfc062723c751e8b465ee728b)
Start importing Assets/Scripts/Inventory/EquipmentManager.cs using Guid(7d3d36157699c1a4b8ee8feddf004b72) Importer(815301076,1909f56bfc062723c751e8b465ee728b)  -> (artifact id: '943304183a172165b0bcf6839373d145') in 0.003436 seconds 
  Import took 0.007981 seconds .

========================================================================
Received Import Request.
  Time since last request: 26.710460 seconds.
  path: Assets/Scripts/Inventory/EquipmentManager.cs
  artifactKey: Guid(7d3d36157699c1a4b8ee8feddf004b72) Importer(815301076,1909f56bfc062723c751e8b465ee728b)
Start importing Assets/Scripts/Inventory/EquipmentManager.cs using Guid(7d3d36157699c1a4b8ee8feddf004b72) Importer(815301076,1909f56bfc062723c751e8b465ee728b)  -> (artifact id: 'f68ff94fd79c9a3f7333a59f0c061b1b') in 0.003287 seconds 
  Import took 0.008748 seconds .

========================================================================
Received Import Request.
  Time since last request: 123.586632 seconds.
  path: Assets/Scripts/Inventory/EquipmentManager.cs
  artifactKey: Guid(7d3d36157699c1a4b8ee8feddf004b72) Importer(815301076,1909f56bfc062723c751e8b465ee728b)
Start importing Assets/Scripts/Inventory/EquipmentManager.cs using Guid(7d3d36157699c1a4b8ee8feddf004b72) Importer(815301076,1909f56bfc062723c751e8b465ee728b)  -> (artifact id: '6b8c8b70414dd4f0980163442a593c33') in 0.003358 seconds 
  Import took 0.009845 seconds .

========================================================================
Received Import Request.
  Time since last request: 172.671571 seconds.
  path: Assets/Scripts/Inventory/EquipmentManager.cs
  artifactKey: Guid(7d3d36157699c1a4b8ee8feddf004b72) Importer(815301076,1909f56bfc062723c751e8b465ee728b)
Start importing Assets/Scripts/Inventory/EquipmentManager.cs using Guid(7d3d36157699c1a4b8ee8feddf004b72) Importer(815301076,1909f56bfc062723c751e8b465ee728b)  -> (artifact id: 'efb05aa7beb83bc327299eafad13c79f') in 0.005206 seconds 
  Import took 0.012625 seconds .

========================================================================
Received Import Request.
  Time since last request: 10.805945 seconds.
  path: Assets/Scripts/Inventory/EquipmentManager.cs
  artifactKey: Guid(7d3d36157699c1a4b8ee8feddf004b72) Importer(815301076,1909f56bfc062723c751e8b465ee728b)
Start importing Assets/Scripts/Inventory/EquipmentManager.cs using Guid(7d3d36157699c1a4b8ee8feddf004b72) Importer(815301076,1909f56bfc062723c751e8b465ee728b)  -> (artifact id: '4f8945ddec740855c2d77705970481d6') in 0.013097 seconds 
  Import took 0.019186 seconds .

========================================================================
Received Import Request.
  Time since last request: 293.860400 seconds.
  path: Assets/Scripts/Inventory/EquipmentManager.cs
  artifactKey: Guid(7d3d36157699c1a4b8ee8feddf004b72) Importer(815301076,1909f56bfc062723c751e8b465ee728b)
Start importing Assets/Scripts/Inventory/EquipmentManager.cs using Guid(7d3d36157699c1a4b8ee8feddf004b72) Importer(815301076,1909f56bfc062723c751e8b465ee728b)  -> (artifact id: 'fb01b03c47d01c9e147a348ad0f374bf') in 0.004119 seconds 
  Import took 0.009966 seconds .

========================================================================
Received Import Request.
  Time since last request: 101.949167 seconds.
  path: Assets/Scripts/Inventory/EquipmentManager.cs
  artifactKey: Guid(7d3d36157699c1a4b8ee8feddf004b72) Importer(815301076,1909f56bfc062723c751e8b465ee728b)
Start importing Assets/Scripts/Inventory/EquipmentManager.cs using Guid(7d3d36157699c1a4b8ee8feddf004b72) Importer(815301076,1909f56bfc062723c751e8b465ee728b)  -> (artifact id: 'd13bdd008fffce8e8b26b66cfce0430f') in 0.003097 seconds 
  Import took 0.009724 seconds .

========================================================================
Received Import Request.
  Time since last request: 116.400347 seconds.
  path: Assets/Scripts/Inventory/EquipmentManager.cs
  artifactKey: Guid(7d3d36157699c1a4b8ee8feddf004b72) Importer(815301076,1909f56bfc062723c751e8b465ee728b)
Start importing Assets/Scripts/Inventory/EquipmentManager.cs using Guid(7d3d36157699c1a4b8ee8feddf004b72) Importer(815301076,1909f56bfc062723c751e8b465ee728b)  -> (artifact id: '00190742a7c2b4a7b0c04c9406b583ec') in 0.003685 seconds 
  Import took 0.011475 seconds .

========================================================================
Received Import Request.
  Time since last request: 61.636185 seconds.
  path: Assets/Scripts/Inventory/EquipmentManager.cs
  artifactKey: Guid(7d3d36157699c1a4b8ee8feddf004b72) Importer(815301076,1909f56bfc062723c751e8b465ee728b)
Start importing Assets/Scripts/Inventory/EquipmentManager.cs using Guid(7d3d36157699c1a4b8ee8feddf004b72) Importer(815301076,1909f56bfc062723c751e8b465ee728b)  -> (artifact id: 'eee85d7228a0500f1e69c8e7d50beabe') in 0.003249 seconds 
  Import took 0.010149 seconds .

========================================================================
Received Import Request.
  Time since last request: 60.150442 seconds.
  path: Assets/Scripts/Inventory/EquipmentManager.cs
  artifactKey: Guid(7d3d36157699c1a4b8ee8feddf004b72) Importer(815301076,1909f56bfc062723c751e8b465ee728b)
Start importing Assets/Scripts/Inventory/EquipmentManager.cs using Guid(7d3d36157699c1a4b8ee8feddf004b72) Importer(815301076,1909f56bfc062723c751e8b465ee728b)  -> (artifact id: '5823ca97d6e7a53fc1f3fe469f713548') in 0.002896 seconds 
  Import took 0.008464 seconds .

========================================================================
Received Import Request.
  Time since last request: 162.880696 seconds.
  path: Assets/Scripts/Inventory/EquipmentManager.cs
  artifactKey: Guid(7d3d36157699c1a4b8ee8feddf004b72) Importer(815301076,1909f56bfc062723c751e8b465ee728b)
Start importing Assets/Scripts/Inventory/EquipmentManager.cs using Guid(7d3d36157699c1a4b8ee8feddf004b72) Importer(815301076,1909f56bfc062723c751e8b465ee728b)  -> (artifact id: '08c151e2304448e29edd215a824017c3') in 0.006019 seconds 
  Import took 0.013507 seconds .

========================================================================
Received Import Request.
  Time since last request: 73.708151 seconds.
  path: Assets/Scripts/Inventory/EquipmentManager.cs
  artifactKey: Guid(7d3d36157699c1a4b8ee8feddf004b72) Importer(815301076,1909f56bfc062723c751e8b465ee728b)
Start importing Assets/Scripts/Inventory/EquipmentManager.cs using Guid(7d3d36157699c1a4b8ee8feddf004b72) Importer(815301076,1909f56bfc062723c751e8b465ee728b)  -> (artifact id: '4e1939b640ecd92ca2d88dac61ba8cbf') in 0.004176 seconds 
  Import took 0.126179 seconds .

========================================================================
Received Import Request.
  Time since last request: 13.561229 seconds.
  path: Assets/Scripts/Inventory/EquipmentManager.cs
  artifactKey: Guid(7d3d36157699c1a4b8ee8feddf004b72) Importer(815301076,1909f56bfc062723c751e8b465ee728b)
Start importing Assets/Scripts/Inventory/EquipmentManager.cs using Guid(7d3d36157699c1a4b8ee8feddf004b72) Importer(815301076,1909f56bfc062723c751e8b465ee728b)  -> (artifact id: '5b9575fd0609681d29b57e29ffec74d9') in 0.004027 seconds 
  Import took 0.010030 seconds .

========================================================================
Received Import Request.
  Time since last request: 10.299247 seconds.
  path: Assets/Scripts/Inventory/EquipmentManager.cs
  artifactKey: Guid(7d3d36157699c1a4b8ee8feddf004b72) Importer(815301076,1909f56bfc062723c751e8b465ee728b)
Start importing Assets/Scripts/Inventory/EquipmentManager.cs using Guid(7d3d36157699c1a4b8ee8feddf004b72) Importer(815301076,1909f56bfc062723c751e8b465ee728b)  -> (artifact id: '6104c621fa59c69eaa6144b019837c89') in 0.003017 seconds 
  Import took 0.009527 seconds .

========================================================================
Received Import Request.
  Time since last request: 1907.660851 seconds.
  path: Assets/Scripts/Inventory/EquipmentManager.cs
  artifactKey: Guid(7d3d36157699c1a4b8ee8feddf004b72) Importer(815301076,1909f56bfc062723c751e8b465ee728b)
Start importing Assets/Scripts/Inventory/EquipmentManager.cs using Guid(7d3d36157699c1a4b8ee8feddf004b72) Importer(815301076,1909f56bfc062723c751e8b465ee728b)  -> (artifact id: '1ad54ecc4e8f5ba74819758b3e251576') in 0.002004 seconds 
  Import took 0.007803 seconds .

========================================================================
Received Import Request.
  Time since last request: 4.345442 seconds.
  path: Assets/Scripts/Inventory/EquipmentManager.cs
  artifactKey: Guid(7d3d36157699c1a4b8ee8feddf004b72) Importer(815301076,1909f56bfc062723c751e8b465ee728b)
Start importing Assets/Scripts/Inventory/EquipmentManager.cs using Guid(7d3d36157699c1a4b8ee8feddf004b72) Importer(815301076,1909f56bfc062723c751e8b465ee728b)  -> (artifact id: 'e885606c6d4a589570cbeb8c9d841527') in 0.003417 seconds 
  Import took 0.009431 seconds .

========================================================================
Received Import Request.
  Time since last request: 36.840953 seconds.
  path: Assets/Scripts/Inventory/EquipmentManager.cs
  artifactKey: Guid(7d3d36157699c1a4b8ee8feddf004b72) Importer(815301076,1909f56bfc062723c751e8b465ee728b)
Start importing Assets/Scripts/Inventory/EquipmentManager.cs using Guid(7d3d36157699c1a4b8ee8feddf004b72) Importer(815301076,1909f56bfc062723c751e8b465ee728b)  -> (artifact id: '4707696c1c7fe8582588733a3ad08ade') in 0.005423 seconds 
  Import took 0.011936 seconds .

========================================================================
Received Import Request.
  Time since last request: 64.193283 seconds.
  path: Assets/Scripts/Inventory/EquipmentManager.cs
  artifactKey: Guid(7d3d36157699c1a4b8ee8feddf004b72) Importer(815301076,1909f56bfc062723c751e8b465ee728b)
Start importing Assets/Scripts/Inventory/EquipmentManager.cs using Guid(7d3d36157699c1a4b8ee8feddf004b72) Importer(815301076,1909f56bfc062723c751e8b465ee728b)  -> (artifact id: 'efe59845924334fd5aacf93e4bab5c5f') in 0.002878 seconds 
  Import took 0.009700 seconds .

========================================================================
Received Import Request.
  Time since last request: 161.858502 seconds.
  path: Assets/Scripts/Inventory/EquipmentManager.cs
  artifactKey: Guid(7d3d36157699c1a4b8ee8feddf004b72) Importer(815301076,1909f56bfc062723c751e8b465ee728b)
Start importing Assets/Scripts/Inventory/EquipmentManager.cs using Guid(7d3d36157699c1a4b8ee8feddf004b72) Importer(815301076,1909f56bfc062723c751e8b465ee728b)  -> (artifact id: '10d3c81641c240e5a5abde32d91cc091') in 0.004339 seconds 
  Import took 0.009971 seconds .

========================================================================
Received Import Request.
  Time since last request: 73.137687 seconds.
  path: Assets/Scripts/Inventory/EquipmentManager.cs
  artifactKey: Guid(7d3d36157699c1a4b8ee8feddf004b72) Importer(815301076,1909f56bfc062723c751e8b465ee728b)
Start importing Assets/Scripts/Inventory/EquipmentManager.cs using Guid(7d3d36157699c1a4b8ee8feddf004b72) Importer(815301076,1909f56bfc062723c751e8b465ee728b)  -> (artifact id: '4dfdd01129c1c4d6fde1c513f95433ae') in 0.005293 seconds 
  Import took 0.010880 seconds .

========================================================================
Received Prepare
Registering precompiled user dll's ...
Registered in 0.002728 seconds.
Begin MonoManager ReloadAssembly
Native extension for WindowsStandalone target not found
Native extension for WebGL target not found
Refreshing native plugins compatible for Editor in 0.50 ms, found 2 plugins.
Preloading 0 native plugins for Editor in 0.00 ms.
Mono: successfully reloaded assembly
- Completed reload, in  1.004 seconds
Domain Reload Profiling:
	ReloadAssembly (1004ms)
		BeginReloadAssembly (118ms)
			ExecutionOrderSort (0ms)
			DisableScriptedObjects (4ms)
			BackupInstance (0ms)
			ReleaseScriptingObjects (0ms)
			CreateAndSetChildDomain (43ms)
		EndReloadAssembly (818ms)
			LoadAssemblies (89ms)
			RebuildTransferFunctionScriptingTraits (0ms)
			SetupTypeCache (287ms)
			ReleaseScriptCaches (1ms)
			RebuildScriptCaches (41ms)
			SetupLoadedEditorAssemblies (312ms)
				LogAssemblyErrors (0ms)
				InitializePlatformSupportModulesInManaged (6ms)
				SetLoadedEditorAssemblies (1ms)
				RefreshPlugins (1ms)
				BeforeProcessingInitializeOnLoad (87ms)
				ProcessInitializeOnLoadAttributes (207ms)
				ProcessInitializeOnLoadMethodAttributes (3ms)
				AfterProcessingInitializeOnLoad (7ms)
				EditorAssembliesLoaded (0ms)
			ExecutionOrderSort2 (0ms)
			AwakeInstancesAfterBackupRestoration (6ms)
Platform modules already initialized, skipping
Refreshing native plugins compatible for Editor in 0.49 ms, found 2 plugins.
Preloading 0 native plugins for Editor in 0.00 ms.
Unloading 2818 Unused Serialized files (Serialized files now loaded: 0)
System memory in use before: 115.3 MB.
System memory in use after: 115.5 MB.

Unloading 13 unused Assets to reduce memory usage. Loaded Objects now: 3338.
Total: 3.542000 ms (FindLiveObjects: 0.278600 ms CreateObjectMapping: 0.168700 ms MarkObjects: 3.052800 ms  DeleteObjects: 0.040600 ms)

AssetImportParameters requested are different than current active one (requested -> active):
  custom:framework-win-MediaFoundation: 216162199b28c13a410421893ffa2e32 -> 
  custom:video-decoder-ogg-theora: a1e56fd34408186e4bbccfd4996cb3dc -> 
  custom:container-muxer-webm: aa71ff27fc2769a1b78a27578f13a17b -> 
  custom:container-demuxer-webm: 4f35f7cbe854078d1ac9338744f61a02 -> 
  custom:container-demuxer-ogg: 62fdf1f143b41e24485cea50d1cbac27 -> 
  custom:video-encoder-webm-vp8: eb34c28f22e8b96e1ab97ce403110664 -> 
  custom:video-decoder-webm-vp8: 9c59270c3fd7afecdb556c50c9e8de78 -> 
  custom:audio-decoder-ogg-vorbis: bf7c407c2cedff20999df2af8eb42d56 -> 
  custom:audio-encoder-webm-vorbis: bf7c407c2cedff20999df2af8eb42d56 -> 
