Using pre-set license
Built from '2020.3/staging' branch; Version is '2020.3.19f1 (68f137dc9bbe) revision 6877495'; Using compiler version '192528614'; Build Type 'Release'
OS: 'Windows 10 Pro; OS build 19044.1503; Version 2009; 64bit' Language: 'en' Physical Memory: 24516 MB
BatchMode: 1, IsHumanControllingUs: 0, StartBugReporterOnCrash: 0, Is64bit: 1, IsPro: 0

COMMAND LINE ARGUMENTS:
C:\Program Files\Unity\Hub\Editor\2020.3.19f1\Editor\Unity.exe
-adb2
-batchMode
-noUpm
-name
AssetImportWorker0
-projectPath
D:/Projects/AIE-Survival-Game-Assessment-06/Unity Files/Survival_Game_Assessment_06_Final
-logFile
Logs/AssetImportWorker0.log
-srvPort
54185
Successfully changed project path to: D:/Projects/AIE-Survival-Game-Assessment-06/Unity Files/Survival_Game_Assessment_06_Final
D:/Projects/AIE-Survival-Game-Assessment-06/Unity Files/Survival_Game_Assessment_06_Final
Using Asset Import Pipeline V2.
Refreshing native plugins compatible for Editor in 58.19 ms, found 2 plugins.
Preloading 0 native plugins for Editor in 0.00 ms.
Initialize engine version: 2020.3.19f1 (68f137dc9bbe)
[Subsystems] Discovering subsystems at path C:/Program Files/Unity/Hub/Editor/2020.3.19f1/Editor/Data/Resources/UnitySubsystems
[Subsystems] Discovering subsystems at path D:/Projects/AIE-Survival-Game-Assessment-06/Unity Files/Survival_Game_Assessment_06_Final/Assets
GfxDevice: creating device client; threaded=0
Direct3D:
    Version:  Direct3D 11.0 [level 11.1]
    Renderer: NVIDIA GeForce GTX 1060 6GB (ID=0x1c03)
    Vendor:   
    VRAM:     6052 MB
    Driver:   30.0.15.1123
Initialize mono
Mono path[0] = 'C:/Program Files/Unity/Hub/Editor/2020.3.19f1/Editor/Data/Managed'
Mono path[1] = 'C:/Program Files/Unity/Hub/Editor/2020.3.19f1/Editor/Data/MonoBleedingEdge/lib/mono/unityjit'
Mono config path = 'C:/Program Files/Unity/Hub/Editor/2020.3.19f1/Editor/Data/MonoBleedingEdge/etc'
Using monoOptions --debugger-agent=transport=dt_socket,embedding=1,server=y,suspend=n,address=127.0.0.1:56812
Begin MonoManager ReloadAssembly
Registering precompiled unity dll's ...
Register platform support module: C:/Program Files/Unity/Hub/Editor/2020.3.19f1/Editor/Data/PlaybackEngines/WebGLSupport/UnityEditor.WebGL.Extensions.dll
Register platform support module: C:/Program Files/Unity/Hub/Editor/2020.3.19f1/Editor/Data/PlaybackEngines/WindowsStandaloneSupport/UnityEditor.WindowsStandalone.Extensions.dll
Registered in 0.002571 seconds.
Native extension for WindowsStandalone target not found
Native extension for WebGL target not found
Refreshing native plugins compatible for Editor in 60.79 ms, found 2 plugins.
Preloading 0 native plugins for Editor in 0.00 ms.
Mono: successfully reloaded assembly
- Completed reload, in  1.393 seconds
Domain Reload Profiling:
	ReloadAssembly (1394ms)
		BeginReloadAssembly (55ms)
			ExecutionOrderSort (0ms)
			DisableScriptedObjects (0ms)
			BackupInstance (0ms)
			ReleaseScriptingObjects (0ms)
			CreateAndSetChildDomain (1ms)
		EndReloadAssembly (427ms)
			LoadAssemblies (52ms)
			RebuildTransferFunctionScriptingTraits (0ms)
			SetupTypeCache (149ms)
			ReleaseScriptCaches (0ms)
			RebuildScriptCaches (30ms)
			SetupLoadedEditorAssemblies (184ms)
				LogAssemblyErrors (0ms)
				InitializePlatformSupportModulesInManaged (4ms)
				SetLoadedEditorAssemblies (0ms)
				RefreshPlugins (61ms)
				BeforeProcessingInitializeOnLoad (15ms)
				ProcessInitializeOnLoadAttributes (76ms)
				ProcessInitializeOnLoadMethodAttributes (27ms)
				AfterProcessingInitializeOnLoad (0ms)
				EditorAssembliesLoaded (0ms)
			ExecutionOrderSort2 (0ms)
			AwakeInstancesAfterBackupRestoration (0ms)
Platform modules already initialized, skipping
Registering precompiled user dll's ...
Registered in 0.002853 seconds.
Begin MonoManager ReloadAssembly
Native extension for WindowsStandalone target not found
Native extension for WebGL target not found
Refreshing native plugins compatible for Editor in 72.84 ms, found 2 plugins.
Preloading 0 native plugins for Editor in 0.00 ms.
Mono: successfully reloaded assembly
- Completed reload, in  1.761 seconds
Domain Reload Profiling:
	ReloadAssembly (1762ms)
		BeginReloadAssembly (146ms)
			ExecutionOrderSort (0ms)
			DisableScriptedObjects (4ms)
			BackupInstance (0ms)
			ReleaseScriptingObjects (0ms)
			CreateAndSetChildDomain (18ms)
		EndReloadAssembly (1555ms)
			LoadAssemblies (89ms)
			RebuildTransferFunctionScriptingTraits (0ms)
			SetupTypeCache (337ms)
			ReleaseScriptCaches (1ms)
			RebuildScriptCaches (58ms)
			SetupLoadedEditorAssemblies (942ms)
				LogAssemblyErrors (0ms)
				InitializePlatformSupportModulesInManaged (6ms)
				SetLoadedEditorAssemblies (0ms)
				RefreshPlugins (73ms)
				BeforeProcessingInitializeOnLoad (112ms)
				ProcessInitializeOnLoadAttributes (739ms)
				ProcessInitializeOnLoadMethodAttributes (5ms)
				AfterProcessingInitializeOnLoad (8ms)
				EditorAssembliesLoaded (0ms)
			ExecutionOrderSort2 (0ms)
			AwakeInstancesAfterBackupRestoration (6ms)
Platform modules already initialized, skipping
========================================================================
Worker process is ready to serve import requests
Launched and connected shader compiler UnityShaderCompiler.exe after 0.07 seconds
Refreshing native plugins compatible for Editor in 0.62 ms, found 2 plugins.
Preloading 0 native plugins for Editor in 0.00 ms.
Unloading 3149 Unused Serialized files (Serialized files now loaded: 0)
System memory in use before: 139.1 MB.
System memory in use after: 139.3 MB.

Unloading 18 unused Assets to reduce memory usage. Loaded Objects now: 3585.
Total: 4.058800 ms (FindLiveObjects: 0.254100 ms CreateObjectMapping: 0.146900 ms MarkObjects: 3.530000 ms  DeleteObjects: 0.126700 ms)

AssetImportParameters requested are different than current active one (requested -> active):
  custom:framework-win-MediaFoundation: 216162199b28c13a410421893ffa2e32 -> 
  custom:video-decoder-ogg-theora: a1e56fd34408186e4bbccfd4996cb3dc -> 
  custom:container-muxer-webm: aa71ff27fc2769a1b78a27578f13a17b -> 
  custom:container-demuxer-webm: 4f35f7cbe854078d1ac9338744f61a02 -> 
  custom:container-demuxer-ogg: 62fdf1f143b41e24485cea50d1cbac27 -> 
  custom:video-encoder-webm-vp8: eb34c28f22e8b96e1ab97ce403110664 -> 
  custom:video-decoder-webm-vp8: 9c59270c3fd7afecdb556c50c9e8de78 -> 
  custom:audio-decoder-ogg-vorbis: bf7c407c2cedff20999df2af8eb42d56 -> 
  custom:audio-encoder-webm-vorbis: bf7c407c2cedff20999df2af8eb42d56 -> 
========================================================================
Received Import Request.
  path: Assets/Scenes/TheMainMap/Lightmap-2_comp_dir.png
  artifactKey: Guid(2cd94569d5ae0fa44b91e97184c0c1a9) Importer(815301076,1909f56bfc062723c751e8b465ee728b)
Start importing Assets/Scenes/TheMainMap/Lightmap-2_comp_dir.png using Guid(2cd94569d5ae0fa44b91e97184c0c1a9) Importer(815301076,1909f56bfc062723c751e8b465ee728b)  -> (artifact id: '9a7debc3e15012e3a9d8469f18994c10') in 0.160218 seconds 
  Import took 0.165890 seconds .

========================================================================
Received Import Request.
  Time since last request: 0.000275 seconds.
  path: Assets/Scenes/TheMainMap/Lightmap-1_comp_light.exr
  artifactKey: Guid(bc42eaca1a426fa46aa527636d48e717) Importer(815301076,1909f56bfc062723c751e8b465ee728b)
Start importing Assets/Scenes/TheMainMap/Lightmap-1_comp_light.exr using Guid(bc42eaca1a426fa46aa527636d48e717) Importer(815301076,1909f56bfc062723c751e8b465ee728b)  -> (artifact id: '1f7cb987c51a7ab71c59ac35fab532d8') in 0.073608 seconds 
  Import took 0.099469 seconds .

========================================================================
Received Import Request.
  Time since last request: 0.000162 seconds.
  path: Assets/Scenes/TheMainMap/LightingData.asset
  artifactKey: Guid(58a9460f3e4b1a74faf6bdbd0bdea564) Importer(815301076,1909f56bfc062723c751e8b465ee728b)
Start importing Assets/Scenes/TheMainMap/LightingData.asset using Guid(58a9460f3e4b1a74faf6bdbd0bdea564) Importer(815301076,1909f56bfc062723c751e8b465ee728b)  -> (artifact id: '8510f08c8426aeddd535f75754e000c3') in 0.016192 seconds 
  Import took 0.023369 seconds .

========================================================================
Received Import Request.
  Time since last request: 0.000237 seconds.
  path: Assets/Scenes/TheMainMap/Lightmap-5_comp_light.exr
  artifactKey: Guid(6ba15d558656bf64699ba135ece0b78f) Importer(815301076,1909f56bfc062723c751e8b465ee728b)
Start importing Assets/Scenes/TheMainMap/Lightmap-5_comp_light.exr using Guid(6ba15d558656bf64699ba135ece0b78f) Importer(815301076,1909f56bfc062723c751e8b465ee728b)  -> (artifact id: '2b044177683ed0c562fd5bbcc0480687') in 0.025750 seconds 
  Import took 0.032156 seconds .

========================================================================
Received Import Request.
  Time since last request: 0.000176 seconds.
  path: Assets/Scenes/TheMainMap/Lightmap-2_comp_light.exr
  artifactKey: Guid(79ed8c620816e464ea728cb31c9a3c2c) Importer(815301076,1909f56bfc062723c751e8b465ee728b)
Start importing Assets/Scenes/TheMainMap/Lightmap-2_comp_light.exr using Guid(79ed8c620816e464ea728cb31c9a3c2c) Importer(815301076,1909f56bfc062723c751e8b465ee728b)  -> (artifact id: '999e80e3afd222641982446ddc48097a') in 0.034014 seconds 
  Import took 0.040100 seconds .

========================================================================
Received Import Request.
  Time since last request: 0.000233 seconds.
  path: Assets/Scenes/TheMainMap/Lightmap-1_comp_dir.png
  artifactKey: Guid(5f85ef83849b7764589c46c2aa14a51a) Importer(815301076,1909f56bfc062723c751e8b465ee728b)
Start importing Assets/Scenes/TheMainMap/Lightmap-1_comp_dir.png using Guid(5f85ef83849b7764589c46c2aa14a51a) Importer(815301076,1909f56bfc062723c751e8b465ee728b)  -> (artifact id: '7c4e9e8a68d50296c29c58e80e5a37d0') in 0.027937 seconds 
  Import took 0.044542 seconds .

========================================================================
Received Import Request.
  Time since last request: 0.000198 seconds.
  path: Assets/Scenes/TheMainMap/ReflectionProbe-0.exr
  artifactKey: Guid(d459929b7dc2b5147b46e52d3fe3d46c) Importer(815301076,1909f56bfc062723c751e8b465ee728b)
Start importing Assets/Scenes/TheMainMap/ReflectionProbe-0.exr using Guid(d459929b7dc2b5147b46e52d3fe3d46c) Importer(815301076,1909f56bfc062723c751e8b465ee728b)  -> (artifact id: '07f0366adeebdb75247d8b7d7b97179b') in 0.057227 seconds 
  Import took 0.076230 seconds .

========================================================================
Received Import Request.
  Time since last request: 0.000160 seconds.
  path: Assets/Scenes/TheMainMap/Lightmap-0_comp_light.exr
  artifactKey: Guid(6079adf85d765e8479b7839c6bddf35c) Importer(815301076,1909f56bfc062723c751e8b465ee728b)
Start importing Assets/Scenes/TheMainMap/Lightmap-0_comp_light.exr using Guid(6079adf85d765e8479b7839c6bddf35c) Importer(815301076,1909f56bfc062723c751e8b465ee728b)  -> (artifact id: '1d0493e2bfc41272a9a76fba6ac3a05f') in 0.029477 seconds 
  Import took 0.033985 seconds .

========================================================================
Received Import Request.
  Time since last request: 0.000240 seconds.
  path: Assets/Scenes/TheMainMap/Lightmap-0_comp_dir.png
  artifactKey: Guid(5e49c3b49a353284f80c63e76e753e08) Importer(815301076,1909f56bfc062723c751e8b465ee728b)
Start importing Assets/Scenes/TheMainMap/Lightmap-0_comp_dir.png using Guid(5e49c3b49a353284f80c63e76e753e08) Importer(815301076,1909f56bfc062723c751e8b465ee728b)  -> (artifact id: '3d5e794ea56bd039cefda553c1e85539') in 0.015563 seconds 
  Import took 0.035053 seconds .

========================================================================
Received Import Request.
  Time since last request: 0.000252 seconds.
  path: Assets/Scenes/TheMainMap/Lightmap-3_comp_dir.png
  artifactKey: Guid(64e9790f7bc6c8c44809caee10e89bd1) Importer(815301076,1909f56bfc062723c751e8b465ee728b)
Start importing Assets/Scenes/TheMainMap/Lightmap-3_comp_dir.png using Guid(64e9790f7bc6c8c44809caee10e89bd1) Importer(815301076,1909f56bfc062723c751e8b465ee728b)  -> (artifact id: '164e85ca22889494b9539cbcd24f7582') in 0.033408 seconds 
  Import took 0.038091 seconds .

========================================================================
Received Import Request.
  Time since last request: 0.000215 seconds.
  path: Assets/Scenes/TheMainMap/Lightmap-3_comp_light.exr
  artifactKey: Guid(b20ccfa6c32129f42997f8c77c3fe6b3) Importer(815301076,1909f56bfc062723c751e8b465ee728b)
Start importing Assets/Scenes/TheMainMap/Lightmap-3_comp_light.exr using Guid(b20ccfa6c32129f42997f8c77c3fe6b3) Importer(815301076,1909f56bfc062723c751e8b465ee728b)  -> (artifact id: 'f8149c2e7166a9246c7c659b00cde4d8') in 0.031648 seconds 
  Import took 0.050220 seconds .

========================================================================
Received Import Request.
  Time since last request: 0.000213 seconds.
  path: Assets/Scenes/TheMainMap/Lightmap-4_comp_dir.png
  artifactKey: Guid(69e903ebbcfa07c489e6a0549c480554) Importer(815301076,1909f56bfc062723c751e8b465ee728b)
Start importing Assets/Scenes/TheMainMap/Lightmap-4_comp_dir.png using Guid(69e903ebbcfa07c489e6a0549c480554) Importer(815301076,1909f56bfc062723c751e8b465ee728b)  -> (artifact id: '9c95e397c94d80ae4a65dce5acb64938') in 0.030001 seconds 
  Import took 0.035512 seconds .

========================================================================
Received Import Request.
  Time since last request: 0.000217 seconds.
  path: Assets/Scenes/TheMainMap/Lightmap-5_comp_dir.png
  artifactKey: Guid(ea9256be3dbe84e40bf0344e5297c09c) Importer(815301076,1909f56bfc062723c751e8b465ee728b)
Start importing Assets/Scenes/TheMainMap/Lightmap-5_comp_dir.png using Guid(ea9256be3dbe84e40bf0344e5297c09c) Importer(815301076,1909f56bfc062723c751e8b465ee728b)  -> (artifact id: 'e02bff512a2eb0163c58dd5dfc0b3de8') in 0.011570 seconds 
  Import took 0.016167 seconds .

========================================================================
Received Import Request.
  Time since last request: 0.000209 seconds.
  path: Assets/Scenes/TheMainMap/Lightmap-4_comp_light.exr
  artifactKey: Guid(cd8696c536afc5246b0282c2527ad92a) Importer(815301076,1909f56bfc062723c751e8b465ee728b)
Start importing Assets/Scenes/TheMainMap/Lightmap-4_comp_light.exr using Guid(cd8696c536afc5246b0282c2527ad92a) Importer(815301076,1909f56bfc062723c751e8b465ee728b)  -> (artifact id: '231a25aba1881381a2685531f465a17c') in 0.012676 seconds 
  Import took 0.017231 seconds .

========================================================================
Received Import Request.
  Time since last request: 0.000307 seconds.
  path: Assets/Scenes/MainMenu.unity
  artifactKey: Guid(9fc0d4010bbf28b4594072e72b8655ab) Importer(815301076,1909f56bfc062723c751e8b465ee728b)
Start importing Assets/Scenes/MainMenu.unity using Guid(9fc0d4010bbf28b4594072e72b8655ab) Importer(815301076,1909f56bfc062723c751e8b465ee728b)  -> (artifact id: '5d61a6e5143deaa2e05bc2b743e9d73e') in 0.006015 seconds 
  Import took 0.010732 seconds .

========================================================================
Received Prepare
Registering precompiled user dll's ...
Registered in 0.004515 seconds.
Begin MonoManager ReloadAssembly
Native extension for WindowsStandalone target not found
Native extension for WebGL target not found
Refreshing native plugins compatible for Editor in 0.57 ms, found 2 plugins.
Preloading 0 native plugins for Editor in 0.00 ms.
Mono: successfully reloaded assembly
- Completed reload, in  1.305 seconds
Domain Reload Profiling:
	ReloadAssembly (1305ms)
		BeginReloadAssembly (130ms)
			ExecutionOrderSort (0ms)
			DisableScriptedObjects (5ms)
			BackupInstance (0ms)
			ReleaseScriptingObjects (0ms)
			CreateAndSetChildDomain (41ms)
		EndReloadAssembly (1108ms)
			LoadAssemblies (96ms)
			RebuildTransferFunctionScriptingTraits (0ms)
			SetupTypeCache (329ms)
			ReleaseScriptCaches (1ms)
			RebuildScriptCaches (45ms)
			SetupLoadedEditorAssemblies (542ms)
				LogAssemblyErrors (0ms)
				InitializePlatformSupportModulesInManaged (7ms)
				SetLoadedEditorAssemblies (0ms)
				RefreshPlugins (1ms)
				BeforeProcessingInitializeOnLoad (96ms)
				ProcessInitializeOnLoadAttributes (425ms)
				ProcessInitializeOnLoadMethodAttributes (3ms)
				AfterProcessingInitializeOnLoad (9ms)
				EditorAssembliesLoaded (0ms)
			ExecutionOrderSort2 (0ms)
			AwakeInstancesAfterBackupRestoration (6ms)
Platform modules already initialized, skipping
Refreshing native plugins compatible for Editor in 0.64 ms, found 2 plugins.
Preloading 0 native plugins for Editor in 0.00 ms.
Unloading 3072 Unused Serialized files (Serialized files now loaded: 0)
System memory in use before: 135.1 MB.
System memory in use after: 135.4 MB.

Unloading 13 unused Assets to reduce memory usage. Loaded Objects now: 3622.
Total: 4.022000 ms (FindLiveObjects: 0.358700 ms CreateObjectMapping: 0.248300 ms MarkObjects: 3.372300 ms  DeleteObjects: 0.041300 ms)

AssetImportParameters requested are different than current active one (requested -> active):
  custom:framework-win-MediaFoundation: 216162199b28c13a410421893ffa2e32 -> 
  custom:video-decoder-ogg-theora: a1e56fd34408186e4bbccfd4996cb3dc -> 
  custom:container-muxer-webm: aa71ff27fc2769a1b78a27578f13a17b -> 
  custom:container-demuxer-webm: 4f35f7cbe854078d1ac9338744f61a02 -> 
  custom:container-demuxer-ogg: 62fdf1f143b41e24485cea50d1cbac27 -> 
  custom:video-encoder-webm-vp8: eb34c28f22e8b96e1ab97ce403110664 -> 
  custom:video-decoder-webm-vp8: 9c59270c3fd7afecdb556c50c9e8de78 -> 
  custom:audio-decoder-ogg-vorbis: bf7c407c2cedff20999df2af8eb42d56 -> 
  custom:audio-encoder-webm-vorbis: bf7c407c2cedff20999df2af8eb42d56 -> 
========================================================================
Received Import Request.
  Time since last request: 2379.933546 seconds.
  path: Assets/Scenes/TheMainMap.unity
  artifactKey: Guid(405f62dc827a1974f9a0eaa4c0328308) Importer(815301076,1909f56bfc062723c751e8b465ee728b)
Start importing Assets/Scenes/TheMainMap.unity using Guid(405f62dc827a1974f9a0eaa4c0328308) Importer(815301076,1909f56bfc062723c751e8b465ee728b)  -> (artifact id: '24e6c2f73d06cc42df4830222de7ba65') in 0.026891 seconds 
  Import took 0.067500 seconds .

========================================================================
Received Prepare
Registering precompiled user dll's ...
Registered in 0.004610 seconds.
Begin MonoManager ReloadAssembly
Native extension for WindowsStandalone target not found
Native extension for WebGL target not found
Refreshing native plugins compatible for Editor in 0.62 ms, found 2 plugins.
Preloading 0 native plugins for Editor in 0.00 ms.
Mono: successfully reloaded assembly
- Completed reload, in  1.196 seconds
Domain Reload Profiling:
	ReloadAssembly (1196ms)
		BeginReloadAssembly (130ms)
			ExecutionOrderSort (0ms)
			DisableScriptedObjects (6ms)
			BackupInstance (0ms)
			ReleaseScriptingObjects (0ms)
			CreateAndSetChildDomain (42ms)
		EndReloadAssembly (1004ms)
			LoadAssemblies (98ms)
			RebuildTransferFunctionScriptingTraits (0ms)
			SetupTypeCache (313ms)
			ReleaseScriptCaches (1ms)
			RebuildScriptCaches (44ms)
			SetupLoadedEditorAssemblies (456ms)
				LogAssemblyErrors (0ms)
				InitializePlatformSupportModulesInManaged (5ms)
				SetLoadedEditorAssemblies (0ms)
				RefreshPlugins (1ms)
				BeforeProcessingInitializeOnLoad (94ms)
				ProcessInitializeOnLoadAttributes (343ms)
				ProcessInitializeOnLoadMethodAttributes (4ms)
				AfterProcessingInitializeOnLoad (9ms)
				EditorAssembliesLoaded (0ms)
			ExecutionOrderSort2 (0ms)
			AwakeInstancesAfterBackupRestoration (7ms)
Platform modules already initialized, skipping
Refreshing native plugins compatible for Editor in 0.82 ms, found 2 plugins.
Preloading 0 native plugins for Editor in 0.00 ms.
Unloading 3072 Unused Serialized files (Serialized files now loaded: 0)
System memory in use before: 135.2 MB.
System memory in use after: 135.4 MB.

Unloading 13 unused Assets to reduce memory usage. Loaded Objects now: 3624.
Total: 5.017000 ms (FindLiveObjects: 0.549200 ms CreateObjectMapping: 0.209000 ms MarkObjects: 4.226800 ms  DeleteObjects: 0.030300 ms)

AssetImportParameters requested are different than current active one (requested -> active):
  custom:framework-win-MediaFoundation: 216162199b28c13a410421893ffa2e32 -> 
  custom:video-decoder-ogg-theora: a1e56fd34408186e4bbccfd4996cb3dc -> 
  custom:container-muxer-webm: aa71ff27fc2769a1b78a27578f13a17b -> 
  custom:container-demuxer-webm: 4f35f7cbe854078d1ac9338744f61a02 -> 
  custom:container-demuxer-ogg: 62fdf1f143b41e24485cea50d1cbac27 -> 
  custom:video-encoder-webm-vp8: eb34c28f22e8b96e1ab97ce403110664 -> 
  custom:video-decoder-webm-vp8: 9c59270c3fd7afecdb556c50c9e8de78 -> 
  custom:audio-decoder-ogg-vorbis: bf7c407c2cedff20999df2af8eb42d56 -> 
  custom:audio-encoder-webm-vorbis: bf7c407c2cedff20999df2af8eb42d56 -> 
